<?xml version="1.0" encoding="utf-8"?><testsuites name="pytest tests"><testsuite name="pytest" errors="0" failures="0" skipped="0" tests="14" time="5.092" timestamp="2026-08-24T20:45:40.406268+00:00" hostname="agent-env-a3a22c4d-0ef7-46b2-a0b2-6918ced7e029"><testcase classname="tests.test_master_delete" name="test_brand_hard_delete_when_no_products" time="0.622" /><testcase classname="tests.test_master_delete" name="test_brand_soft_delete_when_has_products" time="0.463" /><testcase classname="tests.test_master_delete" name="test_dealer_hard_delete" time="0.300" /><testcase classname="tests.test_master_delete" name="test_dealer_soft_delete_with_transaction_and_ledger_resolves_name" time="0.832" /><testcase classname="tests.test_master_delete" name="test_supplier_hard_delete" time="0.168" /><testcase classname="tests.test_master_delete" name="test_supplier_soft_delete_when_linked" time="0.515" /><testcase classname="tests.test_master_delete" name="test_invalid_kind_returns_400" time="0.082" /><testcase classname="tests.test_master_delete" name="test_missing_id_returns_404" time="0.095" /><testcase classname="tests.test_master_delete" name="test_read_endpoints_ok[/bootstrap]" time="0.093" /><testcase classname="tests.test_master_delete" name="test_read_endpoints_ok[/stock]" time="0.087" /><testcase classname="tests.test_master_delete" name="test_read_endpoints_ok[/dashboard]" time="0.106" /><testcase classname="tests.test_master_delete" name="test_read_endpoints_ok[/ledger]" time="0.090" /><testcase classname="tests.test_master_delete" name="test_transaction_edit_still_works" time="0.492" /><testcase classname="tests.test_master_delete" name="test_admin_reset" time="0.191" /></testsuite></testsuites>