<?xml version="1.0" encoding="utf-8"?><testsuites name="pytest tests"><testsuite name="pytest" errors="0" failures="0" skipped="0" tests="15" time="0.950" timestamp="2026-09-01T04:15:46.658011+00:00" hostname="agent-env-308a932b-412b-4c47-96fb-ee59846aca1e"><testcase classname="tests.test_stock_flow.TestEmptyState" name="test_bootstrap_empty" time="0.140" /><testcase classname="tests.test_stock_flow.TestEmptyState" name="test_dashboard_empty" time="0.045" /><testcase classname="tests.test_stock_flow.TestEmptyState" name="test_stock_empty" time="0.046" /><testcase classname="tests.test_stock_flow.TestMasters" name="test_create_brand" time="0.045" /><testcase classname="tests.test_stock_flow.TestMasters" name="test_create_product" time="0.113" /><testcase classname="tests.test_stock_flow.TestMasters" name="test_create_supplier" time="0.047" /><testcase classname="tests.test_stock_flow.TestMasters" name="test_create_dealer" time="0.048" /><testcase classname="tests.test_stock_flow.TestMasters" name="test_bootstrap_reflects" time="0.044" /><testcase classname="tests.test_stock_flow.TestTransactions" name="test_inward_with_date" time="0.046" /><testcase classname="tests.test_stock_flow.TestTransactions" name="test_outward_with_date" time="0.044" /><testcase classname="tests.test_stock_flow.TestTransactions" name="test_third_newest" time="0.045" /><testcase classname="tests.test_stock_flow.TestTransactions" name="test_ledger_sorted" time="0.047" /><testcase classname="tests.test_stock_flow.TestTransactions" name="test_edit_transaction_updates_date" time="0.046" /><testcase classname="tests.test_stock_flow.TestTransactions" name="test_stock_math" time="0.045" /><testcase classname="tests.test_stock_flow.TestCleanup" name="test_reset" time="0.091" /></testsuite></testsuites>