<?xml version="1.0" encoding="utf-8"?><testsuites name="pytest tests"><testsuite name="pytest" errors="0" failures="0" skipped="0" tests="8" time="3.961" timestamp="2026-08-24T20:19:25.507138+00:00" hostname="agent-env-a3a22c4d-0ef7-46b2-a0b2-6918ced7e029"><testcase classname="tests.test_psc_iteration4" name="test_bootstrap_shape" time="0.336" /><testcase classname="tests.test_psc_iteration4" name="test_dashboard_shape" time="0.289" /><testcase classname="tests.test_psc_iteration4" name="test_stock_shape" time="0.344" /><testcase classname="tests.test_psc_iteration4" name="test_supplier_profile" time="0.386" /><testcase classname="tests.test_psc_iteration4" name="test_dealer_profile" time="0.349" /><testcase classname="tests.test_psc_iteration4" name="test_supplier_profile_not_found" time="0.280" /><testcase classname="tests.test_psc_iteration4" name="test_edit_transaction_delta_math" time="1.107" /><testcase classname="tests.test_psc_iteration4" name="test_zzz_reset_wipes_everything" time="0.756" /></testsuite></testsuites>