<?xml version="1.0" encoding="utf-8"?><testsuites name="pytest tests"><testsuite name="pytest" errors="0" failures="0" skipped="0" tests="15" time="0.776" timestamp="2026-08-24T19:39:58.642011+00:00" hostname="agent-env-a3a22c4d-0ef7-46b2-a0b2-6918ced7e029"><testcase classname="tests.test_psc_cart_features.TestProductLifecycle" name="test_create_and_delete_product_no_history" time="0.014" /><testcase classname="tests.test_psc_cart_features.TestBootstrap" name="test_bootstrap_shape" time="0.009" /><testcase classname="tests.test_psc_cart_features.TestBootstrap" name="test_no_money_fields_in_products" time="0.000" /><testcase classname="tests.test_psc_cart_features.TestProductLifecycle" name="test_create_invalid_product_type_rejected" time="0.032" /><testcase classname="tests.test_psc_cart_features.TestBootstrap" name="test_product_type_present" time="0.001" /><testcase classname="tests.test_psc_cart_features.TestTransactions" name="test_multi_item_transaction_no_rate" time="0.040" /><testcase classname="tests.test_psc_cart_features.TestProductLifecycle" name="test_delete_product_with_history_archives" time="0.009" /><testcase classname="tests.test_psc_cart_features.TestTransactions" name="test_outward_rejects_over_available" time="0.002" /><testcase classname="tests.test_psc_cart_features.TestMasters" name="test_create_brand" time="0.003" /><testcase classname="tests.test_psc_cart_features.TestTransactions" name="test_edit_transaction_delta_math" time="0.022" /><testcase classname="tests.test_psc_cart_features.TestMasters" name="test_invalid_master_kind" time="0.002" /><testcase classname="tests.test_psc_cart_features.TestDashboard" name="test_dashboard_counts" time="0.004" /><testcase classname="tests.test_psc_cart_features.TestLedger" name="test_ledger_items_display_has_type" time="0.005" /><testcase classname="tests.test_psc_cart_features.TestStock" name="test_stock_rows_have_product_type" time="0.003" /><testcase classname="tests.test_psc_cart_features.TestDealerProfile" name="test_profile_returns_summary_no_money" time="0.003" /></testsuite></testsuites>