<?xml version="1.0" encoding="utf-8"?><testsuites name="pytest tests"><testsuite name="pytest" errors="0" failures="1" skipped="0" tests="6" time="1.348" timestamp="2026-08-24T08:38:55.992140+00:00" hostname="agent-env-a3a22c4d-0ef7-46b2-a0b2-6918ced7e029"><testcase classname="tests.test_inventory_api" name="test_bootstrap_has_seeded_inventory_masters" time="0.246" /><testcase classname="tests.test_inventory_api" name="test_dashboard_has_nonzero_seeded_kpis" time="0.068" /><testcase classname="tests.test_inventory_api" name="test_post_inward_persists_and_updates_stock" time="0.241" /><testcase classname="tests.test_inventory_api" name="test_outward_rejects_quantity_above_available" time="0.129" /><testcase classname="tests.test_new_features_api" name="test_quick_master_creation_and_multi_item_transaction_persist" time="0.338" /><testcase classname="tests.test_new_features_api" name="test_empty_transaction_is_rejected" time="0.264"><failure message="assert 200 == 400&#10; +  where 200 = &lt;Response [200]&gt;.status_code">backend/tests/test_new_features_api.py:65: in test_empty_transaction_is_rejected
    assert response.status_code == 400
E   assert 200 == 400
E    +  where 200 = &lt;Response [200]&gt;.status_code</failure></testcase></testsuite></testsuites>