<?xml version="1.0" encoding="utf-8"?><testsuites name="pytest tests"><testsuite name="pytest" errors="0" failures="0" skipped="0" tests="4" time="1.110" timestamp="2026-08-24T08:37:27.875111+00:00" hostname="agent-env-a3a22c4d-0ef7-46b2-a0b2-6918ced7e029"><testcase classname="tests.test_inventory_api" name="test_bootstrap_has_seeded_inventory_masters" time="0.237" /><testcase classname="tests.test_inventory_api" name="test_dashboard_has_nonzero_seeded_kpis" time="0.058" /><testcase classname="tests.test_inventory_api" name="test_post_inward_persists_and_updates_stock" time="0.221" /><testcase classname="tests.test_inventory_api" name="test_outward_rejects_quantity_above_available" time="0.111" /></testsuite></testsuites>