<?xml version="1.0" encoding="utf-8"?><testsuites name="pytest tests"><testsuite name="pytest" errors="0" failures="5" skipped="0" tests="6" time="0.801" timestamp="2026-08-24T08:50:45.711634+00:00" hostname="agent-env-a3a22c4d-0ef7-46b2-a0b2-6918ced7e029"><testcase classname="tests.test_new_features_api" name="test_quick_master_creation_and_multi_item_transaction_persist" time="0.160"><failure message="KeyError: 'warehouses'">backend/tests/test_new_features_api.py:18: in test_quick_master_creation_and_multi_item_transaction_persist
    warehouse = next(item for item in bootstrap["warehouses"] if item["id"] == warehouse_id)
                                      ^^^^^^^^^^^^^^^^^^^^^^^
E   KeyError: 'warehouses'</failure></testcase><testcase classname="tests.test_inventory_api" name="test_bootstrap_has_seeded_inventory_masters" time="0.152"><failure message="KeyError: 'warehouses'">backend/tests/test_inventory_api.py:28: in test_bootstrap_has_seeded_inventory_masters
    assert len(bootstrap["warehouses"]) &gt;= 1
               ^^^^^^^^^^^^^^^^^^^^^^^
E   KeyError: 'warehouses'</failure></testcase><testcase classname="tests.test_inventory_api" name="test_dashboard_has_nonzero_seeded_kpis" time="0.045" /><testcase classname="tests.test_new_features_api" name="test_empty_transaction_is_rejected" time="0.098"><failure message="KeyError: 'warehouses'">backend/tests/test_new_features_api.py:62: in test_empty_transaction_is_rejected
    json={"kind": "inward", "warehouse_id": bootstrap["warehouses"][0]["id"], "items": []},
                                            ^^^^^^^^^^^^^^^^^^^^^^^
E   KeyError: 'warehouses'</failure></testcase><testcase classname="tests.test_inventory_api" name="test_post_inward_persists_and_updates_stock" time="0.000"><failure message="KeyError: 'warehouses'">backend/tests/test_inventory_api.py:47: in test_post_inward_persists_and_updates_stock
    warehouse = bootstrap["warehouses"][0]
                ^^^^^^^^^^^^^^^^^^^^^^^
E   KeyError: 'warehouses'</failure></testcase><testcase classname="tests.test_inventory_api" name="test_outward_rejects_quantity_above_available" time="0.001"><failure message="KeyError: 'warehouses'">backend/tests/test_inventory_api.py:68: in test_outward_rejects_quantity_above_available
    warehouse = bootstrap["warehouses"][0]
                ^^^^^^^^^^^^^^^^^^^^^^^
E   KeyError: 'warehouses'</failure></testcase></testsuite></testsuites>