<?xml version="1.0" encoding="utf-8"?><testsuites name="pytest tests"><testsuite name="pytest" errors="0" failures="1" skipped="0" tests="4" time="1.219" timestamp="2026-08-24T08:25:42.836091+00:00" hostname="agent-env-a3a22c4d-0ef7-46b2-a0b2-6918ced7e029"><testcase classname="tests.test_inventory_api" name="test_bootstrap_has_seeded_inventory_masters" time="0.251" /><testcase classname="tests.test_inventory_api" name="test_dashboard_has_nonzero_seeded_kpis" time="0.055"><failure message="assert 0 &gt; 0">backend/tests/test_inventory_api.py:42: in test_dashboard_has_nonzero_seeded_kpis
    assert data["inventory_value"] &gt; 0
E   assert 0 &gt; 0</failure></testcase><testcase classname="tests.test_inventory_api" name="test_post_inward_persists_and_updates_stock" time="0.256" /><testcase classname="tests.test_inventory_api" name="test_outward_rejects_quantity_above_available" time="0.111" /></testsuite></testsuites>