<?xml version="1.0" encoding="utf-8"?><testsuites name="pytest tests"><testsuite name="pytest" errors="0" failures="1" skipped="0" tests="2" time="1.303" timestamp="2026-08-24T08:51:12.263093+00:00" hostname="agent-env-a3a22c4d-0ef7-46b2-a0b2-6918ced7e029"><testcase classname="tests.test_single_location_api" name="test_single_location_and_edit_recalculates_stock" time="0.611"><failure message="assert (4 == 4 and 18 == 4)">backend/tests/test_single_location_api.py:58: in test_single_location_and_edit_recalculates_stock
    assert row_after["available"] == 4 and row_after["inward"] == 4
E   assert (4 == 4 and 18 == 4)</failure></testcase><testcase classname="tests.test_single_location_api" name="test_invalid_and_empty_movements_rejected" time="0.156" /></testsuite></testsuites>